<?xml version="1.0" encoding="UTF-8"?>
<!-- Generated by org.testng.reporters.JUnitReportReporter -->
<testsuite hostname="NS02083447MD" failures="0" tests="4" name="com.NewTest" time="25.823" errors="0" timestamp="2020-11-13T16:30:46 EST" skipped="0">
  <testcase classname="com.NewTest" name="Test_ODA_HomePage" time="4.305"/>
  <system-out/>
  <testcase classname="com.NewTest" name="Test_ODA_Process_Workflow_Link" time="5.365"/>
  <system-out/>
  <testcase classname="com.NewTest" name="Test_ODA_RequestLink" time="8.359"/>
  <system-out/>
  <testcase classname="com.NewTest" name="Test_MyLink" time="7.794"/>
  <system-out/>
</testsuite> <!-- com.NewTest -->
